{
"type": "FeatureCollection",
"crs": { "type": "name", "properties": { "name": "urn:ogc:def:crs:OGC:1.3:CRS84" } },

"features": [

{ "type": "Feature", "properties": { "NAME": "Addison Central School","URL": "http:\/\/www.google.com","LINE":"Town of Addison, Addison County"}, "geometry": { "type": "Point", "coordinates": [-73.304713, 44.0879679] } },
{ "type": "Feature", "properties": { "NAME": "Beeman Elementary School","URL": "http:\/\/www.google.com","LINE":"Town of New Haven, Addison County"}, "geometry": { "type": "Point", "coordinates": [-73.153222, 44.125328] } },
{ "type": "Feature", "properties": { "NAME": "Bingham Memorial School","URL": "http:\/\/www.google.com","LINE":"Town of Cornwall, Addison County"}, "geometry": { "type": "Point", "coordinates": [-73.2063979, 43.963902] } },
{ "type": "Feature", "properties": { "NAME": "Bridport Central School","URL": "http:\/\/www.google.com","LINE":"Town of Bridport, Addison County"}, "geometry": { "type": "Point", "coordinates": [-73.3158066, 43.9809453] } },
{ "type": "Feature", "properties": { "NAME": "Bristol Elementary School","URL": "http:\/\/www.google.com","LINE":"Town of Bristol, Addison County"}, "geometry": { "type": "Point", "coordinates": [-73.0770421, 44.1379395] } },
{ "type": "Feature", "properties": { "NAME": "Ferrisburgh Central School","URL": "http:\/\/www.google.com","LINE":"Town of Ferrisburgh, Addison County"}, "geometry": { "type": "Point", "coordinates": [-73.2478787, 44.2067279] } },
{ "type": "Feature", "properties": { "NAME": "Leicester Central School","URL": "http:\/\/www.google.com","LINE":"Town of Leicester, Addison County"}, "geometry": { "type": "Point", "coordinates": [-73.1088581, 43.8667079] } },
{ "type": "Feature", "properties": { "NAME": "Lincoln Community School","URL": "http:\/\/www.google.com","LINE":"Town of Lincoln, Addison County"}, "geometry": { "type": "Point", "coordinates": [-72.986305, 44.09766] } },
{ "type": "Feature", "properties": { "NAME": "Middlebury Idno 4","URL": "http:\/\/www.google.com","LINE":"Town of Middlebury, Addison County"}, "geometry": { "type": "Point", "coordinates": [-73.1616527, 44.0105946] } },
{ "type": "Feature", "properties": { "NAME": "Middlebury Union High School","URL": "http:\/\/www.google.com","LINE":"Town of Middlebury, Addison County"}, "geometry": { "type": "Point", "coordinates": [-73.1630676, 44.0065835] } },
{ "type": "Feature", "properties": { "NAME": "Middlebury Union Middle School No 3","URL": "http:\/\/www.google.com","LINE":"Town of Middlebury, Addison County"}, "geometry": { "type": "Point", "coordinates": [-73.1524356, 43.9982614] } },
{ "type": "Feature", "properties": { "NAME": "Monkton Central School","URL": "http:\/\/www.google.com","LINE":"Town of Monkton, Addison County"}, "geometry": { "type": "Point", "coordinates": [-73.1389253, 44.2441871] } },
{ "type": "Feature", "properties": { "NAME": "Mt Abraham Uhs No 28","URL": "http:\/\/www.google.com","LINE":"Town of Bristol, Addison County"}, "geometry": { "type": "Point", "coordinates": [-73.0939654, 44.1354759] } },
{ "type": "Feature", "properties": { "NAME": "Orwell Village School","URL": "http:\/\/www.google.com","LINE":"Town of Orwell, Addison County"}, "geometry": { "type": "Point", "coordinates": [-73.299154, 43.804552] } },
{ "type": "Feature", "properties": { "NAME": "Ripton Elementary School","URL": "http:\/\/www.google.com","LINE":"Town of Ripton, Addison County"}, "geometry": { "type": "Point", "coordinates": [-73.0382352, 43.9852144] } },
{ "type": "Feature", "properties": { "NAME": "Robinson School","URL": "http:\/\/www.google.com","LINE":"Town of Starksboro, Addison County"}, "geometry": { "type": "Point", "coordinates": [-73.057693, 44.223866] } },
{ "type": "Feature", "properties": { "NAME": "Salisbury Community School","URL": "http:\/\/www.google.com","LINE":"Town of Salisbury, Addison County"}, "geometry": { "type": "Point", "coordinates": [-73.11792, 43.9197119] } },
{ "type": "Feature", "properties": { "NAME": "Shoreham Elementary School","URL": "http:\/\/www.google.com","LINE":"Town of Shoreham, Addison County"}, "geometry": { "type": "Point", "coordinates": [-73.316238, 43.891708] } },
{ "type": "Feature", "properties": { "NAME": "Vergennes Ues No 44","URL": "http:\/\/www.google.com","LINE":"Town of Vergennes, Addison County"}, "geometry": { "type": "Point", "coordinates": [-73.2480837, 44.1671634] } },
{ "type": "Feature", "properties": { "NAME": "Vergennes Uhs No 5","URL": "http:\/\/www.google.com","LINE":"Town of Vernon, Addison County"}, "geometry": { "type": "Point", "coordinates": [-73.2431089, 44.1699484] } },
{ "type": "Feature", "properties": { "NAME": "Weybridge Elementary School","URL": "http:\/\/www.google.com","LINE":"Town of Bethel, Addison County"}, "geometry": { "type": "Point", "coordinates": [-73.212502, 44.04174] } },
{ "type": "Feature", "properties": { "NAME": "Whiting Village School","URL": "http:\/\/www.google.com","LINE":"Town of Williamstown, Addison County"}, "geometry": { "type": "Point", "coordinates": [-73.2015179, 43.858121] } },
{ "type": "Feature", "properties": { "NAME": "Arlington Memorial High School","URL": "http:\/\/www.google.com","LINE":"Town of Arlington, Bennington County"}, "geometry": { "type": "Point", "coordinates": [-73.1508814, 43.065997] } },
{ "type": "Feature", "properties": { "NAME": "Bennington Elementary School","URL": "http:\/\/www.google.com","LINE":"Town of Bennington, Bennington County"}, "geometry": { "type": "Point", "coordinates": [-73.1935139, 42.88073] } },
{ "type": "Feature", "properties": { "NAME": "Burr And Burton Academy","URL": "http:\/\/www.google.com","LINE":"Town of Manchester, Bennington County"}, "geometry": { "type": "Point", "coordinates": [-73.077354, 43.163803] } },
{ "type": "Feature", "properties": { "NAME": "Dorset School","URL": "http:\/\/www.google.com","LINE":"Town of Dorset, Bennington County"}, "geometry": { "type": "Point", "coordinates": [-73.0657074, 43.2219794] } },
{ "type": "Feature", "properties": { "NAME": "Fisher School","URL": "http:\/\/www.google.com","LINE":"Town of Arlington, Bennington County"}, "geometry": { "type": "Point", "coordinates": [-73.153659, 43.066169] } },
{ "type": "Feature", "properties": { "NAME": "Manchester Elem-Middle School","URL": "http:\/\/www.google.com","LINE":"Town of Manchester-Center, Bennington County"}, "geometry": { "type": "Point", "coordinates": [-73.053734, 43.178738] } },
{ "type": "Feature", "properties": { "NAME": "Manchester Elem-Middle School","URL": "http:\/\/www.google.com","LINE":"Town of Manchester-Center, Bennington County"}, "geometry": { "type": "Point", "coordinates": [-73.053734, 43.178738] } },
{ "type": "Feature", "properties": { "NAME": "Molly Stark School","URL": "http:\/\/www.google.com","LINE":"Town of Bennington, Bennington County"}, "geometry": { "type": "Point", "coordinates": [-73.2017039, 42.8992571] } },
{ "type": "Feature", "properties": { "NAME": "Monument Elementary School","URL": "http:\/\/www.google.com","LINE":"Town of Bennington, Bennington County"}, "geometry": { "type": "Point", "coordinates": [-73.2106215, 42.8850209] } },
{ "type": "Feature", "properties": { "NAME": "Mt Anthony Sr Uhs No 14","URL": "http:\/\/www.google.com","LINE":"Town of Bennington, Bennington County"}, "geometry": { "type": "Point", "coordinates": [-73.1913331, 42.8863217] } },
{ "type": "Feature", "properties": { "NAME": "Mt Anthony Union Middle School","URL": "http:\/\/www.google.com","LINE":"Town of Bennington, Bennington County"}, "geometry": { "type": "Point", "coordinates": [-73.1877428, 42.9054159] } },
{ "type": "Feature", "properties": { "NAME": "Pownal Elementary School","URL": "http:\/\/www.google.com","LINE":"Town of Pownal, Bennington County"}, "geometry": { "type": "Point", "coordinates": [-73.2179873, 42.8008263] } },
{ "type": "Feature", "properties": { "NAME": "Readsboro Elementary School","URL": "http:\/\/www.google.com","LINE":"Town of Readsboro, Bennington County"}, "geometry": { "type": "Point", "coordinates": [-72.940575, 42.771786] } },
{ "type": "Feature", "properties": { "NAME": "Shaftsbury Elem School","URL": "http:\/\/www.google.com","LINE":"Town of Shaftsbury, Bennington County"}, "geometry": { "type": "Point", "coordinates": [-73.207977, 42.945183] } },
{ "type": "Feature", "properties": { "NAME": "Stamford Elementary School","URL": "http:\/\/www.google.com","LINE":"Town of Stamford, Bennington County"}, "geometry": { "type": "Point", "coordinates": [-73.0672467, 42.7549141] } },
{ "type": "Feature", "properties": { "NAME": "Sunderland Elem School","URL": "http:\/\/www.google.com","LINE":"Town of Burlington, Bennington County"}, "geometry": { "type": "Point", "coordinates": [-73.1277208, 43.0846207] } },
{ "type": "Feature", "properties": { "NAME": "Woodford Hollow School","URL": "http:\/\/www.google.com","LINE":"Town of Colchester, Bennington County"}, "geometry": { "type": "Point", "coordinates": [-73.136866, 42.8939304] } },
{ "type": "Feature", "properties": { "NAME": "Barnet Elementary School","URL": "http:\/\/www.google.com","LINE":"Town of Barnet, Caledonia County"}, "geometry": { "type": "Point", "coordinates": [-72.080737, 44.307334] } },
{ "type": "Feature", "properties": { "NAME": "Burke Town School","URL": "http:\/\/www.google.com","LINE":"Town of Burke, Caledonia County"}, "geometry": { "type": "Point", "coordinates": [-71.960265, 44.625084] } },
{ "type": "Feature", "properties": { "NAME": "Danville School","URL": "http:\/\/www.google.com","LINE":"Town of Danville, Caledonia County"}, "geometry": { "type": "Point", "coordinates": [-72.1437508, 44.4108915] } },
{ "type": "Feature", "properties": { "NAME": "Hardwick Elementary School","URL": "http:\/\/www.google.com","LINE":"Town of Hardwick, Caledonia County"}, "geometry": { "type": "Point", "coordinates": [-72.3681449, 44.5033274] } },
{ "type": "Feature", "properties": { "NAME": "Hazen Uhs No 26","URL": "http:\/\/www.google.com","LINE":"Town of Hardwick, Caledonia County"}, "geometry": { "type": "Point", "coordinates": [-72.364634, 44.508976] } },
{ "type": "Feature", "properties": { "NAME": "Lyndon Institute","URL": "http:\/\/www.google.com","LINE":"Town of Lyndon, Caledonia County"}, "geometry": { "type": "Point", "coordinates": [-72.0153659, 44.5384146] } },
{ "type": "Feature", "properties": { "NAME": "Lyndon Town School","URL": "http:\/\/www.google.com","LINE":"Town of Lyndon, Caledonia County"}, "geometry": { "type": "Point", "coordinates": [-71.9853549, 44.5465485] } },
{ "type": "Feature", "properties": { "NAME": "Millers Run School Us No 37","URL": "http:\/\/www.google.com","LINE":"Town of Sheffield, Caledonia County"}, "geometry": { "type": "Point", "coordinates": [-72.1192335, 44.6026961] } },
{ "type": "Feature", "properties": { "NAME": "Newark School","URL": "http:\/\/www.google.com","LINE":"Town of Newark, Caledonia County"}, "geometry": { "type": "Point", "coordinates": [-71.950768, 44.690121] } },
{ "type": "Feature", "properties": { "NAME": "Peacham Elementary School","URL": "http:\/\/www.google.com","LINE":"Town of Peacham, Caledonia County"}, "geometry": { "type": "Point", "coordinates": [-72.16652, 44.326018] } },
{ "type": "Feature", "properties": { "NAME": "St Johnsbury Academy","URL": "http:\/\/www.google.com","LINE":"Town of Saint Johnsbury, Caledonia County"}, "geometry": { "type": "Point", "coordinates": [-72.0193373, 44.4165493] } },
{ "type": "Feature", "properties": { "NAME": "St Johnsbury Schools","URL": "http:\/\/www.google.com","LINE":"Town of Saint Johnsbury, Caledonia County"}, "geometry": { "type": "Point", "coordinates": [-72.0244301, 44.4162817] } },
{ "type": "Feature", "properties": { "NAME": "St Johnsbury Schools","URL": "http:\/\/www.google.com","LINE":"Town of Saint Johnsbury, Caledonia County"}, "geometry": { "type": "Point", "coordinates": [-72.0244301, 44.4162817] } },
{ "type": "Feature", "properties": { "NAME": "Sutton Village School","URL": "http:\/\/www.google.com","LINE":"Town of Swanton, Caledonia County"}, "geometry": { "type": "Point", "coordinates": [-72.0278777, 44.6335849] } },
{ "type": "Feature", "properties": { "NAME": "Walden School","URL": "http:\/\/www.google.com","LINE":"Town of Wallingford, Caledonia County"}, "geometry": { "type": "Point", "coordinates": [-72.219322, 44.452801] } },
{ "type": "Feature", "properties": { "NAME": "Waterford Elementary School","URL": "http:\/\/www.google.com","LINE":"Town of Waterville, Caledonia County"}, "geometry": { "type": "Point", "coordinates": [-71.927544, 44.4025729] } },
{ "type": "Feature", "properties": { "NAME": "Albert D Lawton School","URL": "http:\/\/www.google.com","LINE":"Town of Essex, Chittenden County"}, "geometry": { "type": "Point", "coordinates": [-73.0987693, 44.4869722] } },
{ "type": "Feature", "properties": { "NAME": "Brewster Pierce Elementary School","URL": "http:\/\/www.google.com","LINE":"Town of Huntington, Chittenden County"}, "geometry": { "type": "Point", "coordinates": [-72.9634251, 44.2958697] } },
{ "type": "Feature", "properties": { "NAME": "Browns River Middle School","URL": "http:\/\/www.google.com","LINE":"Town of Jericho, Chittenden County"}, "geometry": { "type": "Point", "coordinates": [-72.9441695, 44.5192478] } },
{ "type": "Feature", "properties": { "NAME": "Burlington Senior High School","URL": "http:\/\/www.google.com","LINE":"Town of Burlington, Chittenden County"}, "geometry": { "type": "Point", "coordinates": [-73.235261, 44.4963229] } },
{ "type": "Feature", "properties": { "NAME": "C P Smith School","URL": "http:\/\/www.google.com","LINE":"Town of Burlington, Chittenden County"}, "geometry": { "type": "Point", "coordinates": [-73.243035, 44.513102] } },
{ "type": "Feature", "properties": { "NAME": "Camels Hump Middle School","URL": "http:\/\/www.google.com","LINE":"Town of Richmond, Chittenden County"}, "geometry": { "type": "Point", "coordinates": [-72.9943127, 44.4135271] } },
{ "type": "Feature", "properties": { "NAME": "Chamberlin School","URL": "http:\/\/www.google.com","LINE":"Town of South Burlington, Chittenden County"}, "geometry": { "type": "Point", "coordinates": [-73.1654672, 44.4713727] } },
{ "type": "Feature", "properties": { "NAME": "Champlain Elementary School","URL": "http:\/\/www.google.com","LINE":"Town of Burlington, Chittenden County"}, "geometry": { "type": "Point", "coordinates": [-73.213221, 44.457065] } },
{ "type": "Feature", "properties": { "NAME": "Champlain Valley Uhs No 15","URL": "http:\/\/www.google.com","LINE":"Town of Hinesburg, Chittenden County"}, "geometry": { "type": "Point", "coordinates": [-73.1099525, 44.3446552] } },
{ "type": "Feature", "properties": { "NAME": "Charlotte Central School","URL": "http:\/\/www.google.com","LINE":"Town of Charlotte, Chittenden County"}, "geometry": { "type": "Point", "coordinates": [-73.226451, 44.315086] } },
{ "type": "Feature", "properties": { "NAME": "Colchester High School","URL": "http:\/\/www.google.com","LINE":"Town of Colchester, Chittenden County"}, "geometry": { "type": "Point", "coordinates": [-73.2138341, 44.5399122] } },
{ "type": "Feature", "properties": { "NAME": "Colchester Middle School","URL": "http:\/\/www.google.com","LINE":"Town of Colchester, Chittenden County"}, "geometry": { "type": "Point", "coordinates": [-73.2097507, 44.5405118] } },
{ "type": "Feature", "properties": { "NAME": "Edmunds Elementary School","URL": "http:\/\/www.google.com","LINE":"Town of Burlington, Chittenden County"}, "geometry": { "type": "Point", "coordinates": [-73.20729, 44.475518] } },
{ "type": "Feature", "properties": { "NAME": "Edmunds Middle School","URL": "http:\/\/www.google.com","LINE":"Town of Burlington, Chittenden County"}, "geometry": { "type": "Point", "coordinates": [-73.208086, 44.475468] } },
{ "type": "Feature", "properties": { "NAME": "Essex Community Ed Center","URL": "http:\/\/www.google.com","LINE":"Town of Essex, Chittenden County"}, "geometry": { "type": "Point", "coordinates": [-73.1100265, 44.4982009] } },
{ "type": "Feature", "properties": { "NAME": "Essex Elementary School","URL": "http:\/\/www.google.com","LINE":"Town of Essex, Chittenden County"}, "geometry": { "type": "Point", "coordinates": [-73.0555147, 44.5130041] } },
{ "type": "Feature", "properties": { "NAME": "Essex Middle School","URL": "http:\/\/www.google.com","LINE":"Town of Essex, Chittenden County"}, "geometry": { "type": "Point", "coordinates": [-73.0579969, 44.4992447] } },
{ "type": "Feature", "properties": { "NAME": "Founders Memorial School","URL": "http:\/\/www.google.com","LINE":"Town of Essex, Chittenden County"}, "geometry": { "type": "Point", "coordinates": [-73.0553216, 44.5004481] } },
{ "type": "Feature", "properties": { "NAME": "Frederick H Tuttle Middle School","URL": "http:\/\/www.google.com","LINE":"Town of South Burlington, Chittenden County"}, "geometry": { "type": "Point", "coordinates": [-73.1774257, 44.4567486] } },
{ "type": "Feature", "properties": { "NAME": "Hiawatha School","URL": "http:\/\/www.google.com","LINE":"Town of Essex, Chittenden County"}, "geometry": { "type": "Point", "coordinates": [-73.1269076, 44.4885517] } },
{ "type": "Feature", "properties": { "NAME": "Hinesburg Community School","URL": "http:\/\/www.google.com","LINE":"Town of Hinesburg, Chittenden County"}, "geometry": { "type": "Point", "coordinates": [-73.10778, 44.32621] } },
{ "type": "Feature", "properties": { "NAME": "Hinesburg Community School","URL": "http:\/\/www.google.com","LINE":"Town of Hinesburg, Chittenden County"}, "geometry": { "type": "Point", "coordinates": [-73.10778, 44.32621] } },
{ "type": "Feature", "properties": { "NAME": "Integrated Arts Acad At Ho Wheeler","URL": "http:\/\/www.google.com","LINE":"Town of Burlington, Chittenden County"}, "geometry": { "type": "Point", "coordinates": [-73.213765, 44.4881833] } },
{ "type": "Feature", "properties": { "NAME": "J F Kennedy Elem School","URL": "http:\/\/www.google.com","LINE":"Town of Winooski, Chittenden County"}, "geometry": { "type": "Point", "coordinates": [-73.180687, 44.500416] } },
{ "type": "Feature", "properties": { "NAME": "J J Flynn School","URL": "http:\/\/www.google.com","LINE":"Town of Burlington, Chittenden County"}, "geometry": { "type": "Point", "coordinates": [-73.260002, 44.517023] } },
{ "type": "Feature", "properties": { "NAME": "Jericho Elementary School","URL": "http:\/\/www.google.com","LINE":"Town of Jericho, Chittenden County"}, "geometry": { "type": "Point", "coordinates": [-72.9897701, 44.5053714] } },
{ "type": "Feature", "properties": { "NAME": "Lyman C Hunt Middle School","URL": "http:\/\/www.google.com","LINE":"Town of Burlington, Chittenden County"}, "geometry": { "type": "Point", "coordinates": [-73.2491272, 44.5132798] } },
{ "type": "Feature", "properties": { "NAME": "Malletts Bay School","URL": "http:\/\/www.google.com","LINE":"Town of Colchester, Chittenden County"}, "geometry": { "type": "Point", "coordinates": [-73.2076928, 44.5387028] } },
{ "type": "Feature", "properties": { "NAME": "Milton Elementary School","URL": "http:\/\/www.google.com","LINE":"Town of Milton, Chittenden County"}, "geometry": { "type": "Point", "coordinates": [-73.1098197, 44.6324836] } },
{ "type": "Feature", "properties": { "NAME": "Milton Elementary School","URL": "http:\/\/www.google.com","LINE":"Town of Milton, Chittenden County"}, "geometry": { "type": "Point", "coordinates": [-73.1098197, 44.6324836] } },
{ "type": "Feature", "properties": { "NAME": "Milton High School","URL": "http:\/\/www.google.com","LINE":"Town of Milton, Chittenden County"}, "geometry": { "type": "Point", "coordinates": [-73.1197457, 44.6280816] } },
{ "type": "Feature", "properties": { "NAME": "Milton High School","URL": "http:\/\/www.google.com","LINE":"Town of Milton, Chittenden County"}, "geometry": { "type": "Point", "coordinates": [-73.1197457, 44.6280816] } },
{ "type": "Feature", "properties": { "NAME": "Milton Middle School","URL": "http:\/\/www.google.com","LINE":"Town of Milton, Chittenden County"}, "geometry": { "type": "Point", "coordinates": [-73.1197457, 44.6280816] } },
{ "type": "Feature", "properties": { "NAME": "Mt Mansfield Usd","URL": "http:\/\/www.google.com","LINE":"Town of Jericho, Chittenden County"}, "geometry": { "type": "Point", "coordinates": [-72.962048, 44.486184] } },
{ "type": "Feature", "properties": { "NAME": "Orchard School","URL": "http:\/\/www.google.com","LINE":"Town of South Burlington, Chittenden County"}, "geometry": { "type": "Point", "coordinates": [-73.207682, 44.439761] } },
{ "type": "Feature", "properties": { "NAME": "Porters Point School","URL": "http:\/\/www.google.com","LINE":"Town of Colchester, Chittenden County"}, "geometry": { "type": "Point", "coordinates": [-73.2553252, 44.5412597] } },
{ "type": "Feature", "properties": { "NAME": "Richmond Elementary School","URL": "http:\/\/www.google.com","LINE":"Town of Richmond, Chittenden County"}, "geometry": { "type": "Point", "coordinates": [-72.9939168, 44.4126297] } },
{ "type": "Feature", "properties": { "NAME": "Rick Marcotte Central School","URL": "http:\/\/www.google.com","LINE":"Town of South Burlington, Chittenden County"}, "geometry": { "type": "Point", "coordinates": [-73.1769103, 44.467307] } },
{ "type": "Feature", "properties": { "NAME": "Shelburne Community School","URL": "http:\/\/www.google.com","LINE":"Town of Shelburne, Chittenden County"}, "geometry": { "type": "Point", "coordinates": [-73.2353556, 44.3807539] } },
{ "type": "Feature", "properties": { "NAME": "Shelburne Community School","URL": "http:\/\/www.google.com","LINE":"Town of Shelburne, Chittenden County"}, "geometry": { "type": "Point", "coordinates": [-73.2353556, 44.3807539] } },
{ "type": "Feature", "properties": { "NAME": "Smilie Memorial School(Bolton)","URL": "http:\/\/www.google.com","LINE":"Town of Bolton, Chittenden County"}, "geometry": { "type": "Point", "coordinates": [-72.876854, 44.373783] } },
{ "type": "Feature", "properties": { "NAME": "So Burlington High School","URL": "http:\/\/www.google.com","LINE":"Town of South Burlington, Chittenden County"}, "geometry": { "type": "Point", "coordinates": [-73.177891, 44.454924] } },
{ "type": "Feature", "properties": { "NAME": "Summit Street School","URL": "http:\/\/www.google.com","LINE":"Town of Sunderland, Chittenden County"}, "geometry": { "type": "Point", "coordinates": [-73.11366, 44.493408] } },
{ "type": "Feature", "properties": { "NAME": "Sustain Acad At Lawrence Barnes","URL": "http:\/\/www.google.com","LINE":"Town of Sutton, Chittenden County"}, "geometry": { "type": "Point", "coordinates": [-73.2167958, 44.484143] } },
{ "type": "Feature", "properties": { "NAME": "Thomas Fleming School","URL": "http:\/\/www.google.com","LINE":"Town of Tinmouth, Chittenden County"}, "geometry": { "type": "Point", "coordinates": [-73.113504, 44.49478] } },
{ "type": "Feature", "properties": { "NAME": "Underhill Central Elementary School","URL": "http:\/\/www.google.com","LINE":"Town of Jericho, Chittenden County"}, "geometry": { "type": "Point", "coordinates": [-72.8951245, 44.5089403] } },
{ "type": "Feature", "properties": { "NAME": "Underhill Id Elementary School","URL": "http:\/\/www.google.com","LINE":"Town of Montpelier, Chittenden County"}, "geometry": { "type": "Point", "coordinates": [-72.9456161, 44.5179951] } },
{ "type": "Feature", "properties": { "NAME": "Union Memorial School","URL": "http:\/\/www.google.com","LINE":"Town of Springfield, Chittenden County"}, "geometry": { "type": "Point", "coordinates": [-73.1601394, 44.5490086] } },
{ "type": "Feature", "properties": { "NAME": "Westford Elementary School","URL": "http:\/\/www.google.com","LINE":"Town of Westminster, Chittenden County"}, "geometry": { "type": "Point", "coordinates": [-73.0189539, 44.602952] } },
{ "type": "Feature", "properties": { "NAME": "Williston Schools","URL": "http:\/\/www.google.com","LINE":"Town of Williston, Chittenden County"}, "geometry": { "type": "Point", "coordinates": [-73.073311, 44.44059] } },
{ "type": "Feature", "properties": { "NAME": "Williston Schools","URL": "http:\/\/www.google.com","LINE":"Town of Williston, Chittenden County"}, "geometry": { "type": "Point", "coordinates": [-73.073311, 44.44059] } },
{ "type": "Feature", "properties": { "NAME": "Williston Schools","URL": "http:\/\/www.google.com","LINE":"Town of Windham, Chittenden County"}, "geometry": { "type": "Point", "coordinates": [-73.096256, 44.447771] } },
{ "type": "Feature", "properties": { "NAME": "Winooski High School","URL": "http:\/\/www.google.com","LINE":"Town of Winooski, Chittenden County"}, "geometry": { "type": "Point", "coordinates": [-73.18101, 44.501157] } },
{ "type": "Feature", "properties": { "NAME": "Winooski Middle School","URL": "http:\/\/www.google.com","LINE":"Town of Wolcott, Chittenden County"}, "geometry": { "type": "Point", "coordinates": [-73.18101, 44.501157] } },
{ "type": "Feature", "properties": { "NAME": "Woodside Juvenile Rehab Center","URL": "http:\/\/www.google.com","LINE":"Town of Woodstock, Chittenden County"}, "geometry": { "type": "Point", "coordinates": [-73.1447091, 44.5022201] } },
{ "type": "Feature", "properties": { "NAME": "Brighton Elementary School","URL": "http:\/\/www.google.com","LINE":"Town of Brighton, Essex County"}, "geometry": { "type": "Point", "coordinates": [-71.8938945, 44.8215785] } },
{ "type": "Feature", "properties": { "NAME": "Canaan Schools","URL": "http:\/\/www.google.com","LINE":"Town of Canaan, Essex County"}, "geometry": { "type": "Point", "coordinates": [-71.537662, 44.99537] } },
{ "type": "Feature", "properties": { "NAME": "Concord Graded-Middle School","URL": "http:\/\/www.google.com","LINE":"Town of Concord, Essex County"}, "geometry": { "type": "Point", "coordinates": [-71.8904607, 44.4266783] } },
{ "type": "Feature", "properties": { "NAME": "Lunenburg-Gilman Schools","URL": "http:\/\/www.google.com","LINE":"Town of Lunenburg, Essex County"}, "geometry": { "type": "Point", "coordinates": [-71.714483, 44.4147729] } },
{ "type": "Feature", "properties": { "NAME": "Bakersfield School","URL": "http:\/\/www.google.com","LINE":"Town of Bakersfield, Franklin County"}, "geometry": { "type": "Point", "coordinates": [-72.8027989, 44.7842811] } },
{ "type": "Feature", "properties": { "NAME": "Bellows Free Academy (Fairfax)","URL": "http:\/\/www.google.com","LINE":"Town of Fairfax, Franklin County"}, "geometry": { "type": "Point", "coordinates": [-73.0132732, 44.6635996] } },
{ "type": "Feature", "properties": { "NAME": "Bellows Free Academy (St Albans)","URL": "http:\/\/www.google.com","LINE":"Town of Saint Albans City, Franklin County"}, "geometry": { "type": "Point", "coordinates": [-73.0828117, 44.8080266] } },
{ "type": "Feature", "properties": { "NAME": "Bellows Free Academy Hs (Fairfax)","URL": "http:\/\/www.google.com","LINE":"Town of Fairfax, Franklin County"}, "geometry": { "type": "Point", "coordinates": [-73.0133096, 44.6635539] } },
{ "type": "Feature", "properties": { "NAME": "Berkshire Elementary School","URL": "http:\/\/www.google.com","LINE":"Town of Berkshire, Franklin County"}, "geometry": { "type": "Point", "coordinates": [-72.7662099, 44.9724974] } },
{ "type": "Feature", "properties": { "NAME": "Enosburg Falls Elementary School","URL": "http:\/\/www.google.com","LINE":"Town of Enosburg, Franklin County"}, "geometry": { "type": "Point", "coordinates": [-72.801033, 44.904316] } },
{ "type": "Feature", "properties": { "NAME": "Enosburg Falls Middle-High School","URL": "http:\/\/www.google.com","LINE":"Town of Enosburg, Franklin County"}, "geometry": { "type": "Point", "coordinates": [-72.8039149, 44.9053176] } },
{ "type": "Feature", "properties": { "NAME": "Enosburg Falls Middle-High School","URL": "http:\/\/www.google.com","LINE":"Town of Enosburg, Franklin County"}, "geometry": { "type": "Point", "coordinates": [-72.8039149, 44.9053176] } },
{ "type": "Feature", "properties": { "NAME": "Fairfield Center School","URL": "http:\/\/www.google.com","LINE":"Town of Fairfield, Franklin County"}, "geometry": { "type": "Point", "coordinates": [-72.947922, 44.80051] } },
{ "type": "Feature", "properties": { "NAME": "Fletcher Elementary School","URL": "http:\/\/www.google.com","LINE":"Town of Cambridge, Franklin County"}, "geometry": { "type": "Point", "coordinates": [-72.923782, 44.67049] } },
{ "type": "Feature", "properties": { "NAME": "Franklin Elementary School","URL": "http:\/\/www.google.com","LINE":"Town of Franklin, Franklin County"}, "geometry": { "type": "Point", "coordinates": [-72.9201647, 44.9842389] } },
{ "type": "Feature", "properties": { "NAME": "Georgia Elem-Middle School","URL": "http:\/\/www.google.com","LINE":"Town of Georgia, Franklin County"}, "geometry": { "type": "Point", "coordinates": [-73.1144163, 44.7350207] } },
{ "type": "Feature", "properties": { "NAME": "Georgia Elem-Middle School","URL": "http:\/\/www.google.com","LINE":"Town of Georgia, Franklin County"}, "geometry": { "type": "Point", "coordinates": [-73.1144163, 44.7350207] } },
{ "type": "Feature", "properties": { "NAME": "Highgate Elementary School","URL": "http:\/\/www.google.com","LINE":"Town of Highgate, Franklin County"}, "geometry": { "type": "Point", "coordinates": [-73.044022, 44.94117] } },
{ "type": "Feature", "properties": { "NAME": "Missisquoi Valley Uhs No 7","URL": "http:\/\/www.google.com","LINE":"Town of Swanton, Franklin County"}, "geometry": { "type": "Point", "coordinates": [-73.1018239, 44.927863] } },
{ "type": "Feature", "properties": { "NAME": "Montgomery Elementary School","URL": "http:\/\/www.google.com","LINE":"Town of Montgomery, Franklin County"}, "geometry": { "type": "Point", "coordinates": [-72.6162041, 44.8864293] } },
{ "type": "Feature", "properties": { "NAME": "Richford Elementary School","URL": "http:\/\/www.google.com","LINE":"Town of Richford, Franklin County"}, "geometry": { "type": "Point", "coordinates": [-72.6802834, 44.9859909] } },
{ "type": "Feature", "properties": { "NAME": "Richford Jr-Sr High School","URL": "http:\/\/www.google.com","LINE":"Town of Richford, Franklin County"}, "geometry": { "type": "Point", "coordinates": [-72.670086, 44.995025] } },
{ "type": "Feature", "properties": { "NAME": "Sheldon Elementary School","URL": "http:\/\/www.google.com","LINE":"Town of Sheldon, Franklin County"}, "geometry": { "type": "Point", "coordinates": [-72.969269, 44.900993] } },
{ "type": "Feature", "properties": { "NAME": "St Albans City School","URL": "http:\/\/www.google.com","LINE":"Town of Saint Albans City, Franklin County"}, "geometry": { "type": "Point", "coordinates": [-73.0918318, 44.8203212] } },
{ "type": "Feature", "properties": { "NAME": "St Albans Town Educ Center","URL": "http:\/\/www.google.com","LINE":"Town of Saint Albans City, Franklin County"}, "geometry": { "type": "Point", "coordinates": [-73.0860045, 44.8016334] } },
{ "type": "Feature", "properties": { "NAME": "Swanton Schools","URL": "http:\/\/www.google.com","LINE":"Town of Waterbury, Franklin County"}, "geometry": { "type": "Point", "coordinates": [-73.1147285, 44.9160554] } },
{ "type": "Feature", "properties": { "NAME": "Orford Schools","URL": "http:\/\/www.google.com","LINE":"Town of Hanover, Grafton County"}, "geometry": { "type": "Point", "coordinates": [-72.2662366, 43.7200805] } },
{ "type": "Feature", "properties": { "NAME": "Rivendell Academy","URL": "http:\/\/www.google.com","LINE":"Town of Orford, Grafton County"}, "geometry": { "type": "Point", "coordinates": [-72.1376509, 43.899294] } },
{ "type": "Feature", "properties": { "NAME": "Alburgh Community Ed Center","URL": "http:\/\/www.google.com","LINE":"Town of Alburgh, Grand Isle County"}, "geometry": { "type": "Point", "coordinates": [-73.2982707, 44.979204] } },
{ "type": "Feature", "properties": { "NAME": "Folsom Ed And Community Ctr","URL": "http:\/\/www.google.com","LINE":"Town of South Hero, Grand Isle County"}, "geometry": { "type": "Point", "coordinates": [-73.3022079, 44.636311] } },
{ "type": "Feature", "properties": { "NAME": "Grand Isle  School","URL": "http:\/\/www.google.com","LINE":"Town of Grand Isle, Grand Isle County"}, "geometry": { "type": "Point", "coordinates": [-73.2915204, 44.725599] } },
{ "type": "Feature", "properties": { "NAME": "Isle La Motte Elem School","URL": "http:\/\/www.google.com","LINE":"Town of Isle La Motte, Grand Isle County"}, "geometry": { "type": "Point", "coordinates": [-73.346067, 44.8823346] } },
{ "type": "Feature", "properties": { "NAME": "North Hero School","URL": "http:\/\/www.google.com","LINE":"Town of North Hero, Grand Isle County"}, "geometry": { "type": "Point", "coordinates": [-73.2634981, 44.8508342] } },
{ "type": "Feature", "properties": { "NAME": "Cambridge Elementary School","URL": "http:\/\/www.google.com","LINE":"Town of Cambridge, Lamoille County"}, "geometry": { "type": "Point", "coordinates": [-72.8267715, 44.6444743] } },
{ "type": "Feature", "properties": { "NAME": "Eden Central School","URL": "http:\/\/www.google.com","LINE":"Town of Eden, Lamoille County"}, "geometry": { "type": "Point", "coordinates": [-72.563901, 44.704038] } },
{ "type": "Feature", "properties": { "NAME": "Elmore School","URL": "http:\/\/www.google.com","LINE":"Town of Wolcott, Lamoille County"}, "geometry": { "type": "Point", "coordinates": [-72.5222732, 44.5393373] } },
{ "type": "Feature", "properties": { "NAME": "Hyde Park Elementary School","URL": "http:\/\/www.google.com","LINE":"Town of Hyde Park, Lamoille County"}, "geometry": { "type": "Point", "coordinates": [-72.6137179, 44.591888] } },
{ "type": "Feature", "properties": { "NAME": "Johnson Elementary School","URL": "http:\/\/www.google.com","LINE":"Town of Johnson, Lamoille County"}, "geometry": { "type": "Point", "coordinates": [-72.674763, 44.637031] } },
{ "type": "Feature", "properties": { "NAME": "Lamoille Uhs No 18","URL": "http:\/\/www.google.com","LINE":"Town of Hyde Park, Lamoille County"}, "geometry": { "type": "Point", "coordinates": [-72.6319369, 44.6010887] } },
{ "type": "Feature", "properties": { "NAME": "Lamoille Union Middle School No 18","URL": "http:\/\/www.google.com","LINE":"Town of Hyde Park, Lamoille County"}, "geometry": { "type": "Point", "coordinates": [-72.6319369, 44.6010887] } },
{ "type": "Feature", "properties": { "NAME": "Morristown Elem Schools","URL": "http:\/\/www.google.com","LINE":"Town of Morristown, Lamoille County"}, "geometry": { "type": "Point", "coordinates": [-72.5855112, 44.5636467] } },
{ "type": "Feature", "properties": { "NAME": "Peoples Academy","URL": "http:\/\/www.google.com","LINE":"Town of Morristown, Lamoille County"}, "geometry": { "type": "Point", "coordinates": [-72.590118, 44.5626651] } },
{ "type": "Feature", "properties": { "NAME": "Peoples Academy Middle School","URL": "http:\/\/www.google.com","LINE":"Town of Morristown, Lamoille County"}, "geometry": { "type": "Point", "coordinates": [-72.590118, 44.5626651] } },
{ "type": "Feature", "properties": { "NAME": "Stowe Elementary School","URL": "http:\/\/www.google.com","LINE":"Town of Stowe, Lamoille County"}, "geometry": { "type": "Point", "coordinates": [-72.6842541, 44.4630988] } },
{ "type": "Feature", "properties": { "NAME": "Stowe Middle-High School","URL": "http:\/\/www.google.com","LINE":"Town of Stowe, Lamoille County"}, "geometry": { "type": "Point", "coordinates": [-72.726585, 44.46533] } },
{ "type": "Feature", "properties": { "NAME": "Stowe Middle-High School","URL": "http:\/\/www.google.com","LINE":"Town of Sudbury, Lamoille County"}, "geometry": { "type": "Point", "coordinates": [-72.726585, 44.46533] } },
{ "type": "Feature", "properties": { "NAME": "Waterville Elementary School","URL": "http:\/\/www.google.com","LINE":"Town of Weathersfield, Lamoille County"}, "geometry": { "type": "Point", "coordinates": [-72.74841, 44.726855] } },
{ "type": "Feature", "properties": { "NAME": "Wolcott Elementary School","URL": "http:\/\/www.google.com","LINE":"Town of Woodbury, Lamoille County"}, "geometry": { "type": "Point", "coordinates": [-72.453148, 44.538219] } },
{ "type": "Feature", "properties": { "NAME": "Blue Mountain Us No 21","URL": "http:\/\/www.google.com","LINE":"Town of Newbury, Orange County"}, "geometry": { "type": "Point", "coordinates": [-72.0833144, 44.1553744] } },
{ "type": "Feature", "properties": { "NAME": "Bradford Elementary School","URL": "http:\/\/www.google.com","LINE":"Town of Bradford, Orange County"}, "geometry": { "type": "Point", "coordinates": [-72.1224734, 44.0026079] } },
{ "type": "Feature", "properties": { "NAME": "Braintree School","URL": "http:\/\/www.google.com","LINE":"Town of Braintree, Orange County"}, "geometry": { "type": "Point", "coordinates": [-72.72245, 43.955559] } },
{ "type": "Feature", "properties": { "NAME": "Brookfield Elementary School","URL": "http:\/\/www.google.com","LINE":"Town of Brookfield, Orange County"}, "geometry": { "type": "Point", "coordinates": [-72.606683, 44.016395] } },
{ "type": "Feature", "properties": { "NAME": "Chelsea Elem High School","URL": "http:\/\/www.google.com","LINE":"Town of Chelsea, Orange County"}, "geometry": { "type": "Point", "coordinates": [-72.446617, 43.987282] } },
{ "type": "Feature", "properties": { "NAME": "Newbury Elementary School","URL": "http:\/\/www.google.com","LINE":"Town of Newbury, Orange County"}, "geometry": { "type": "Point", "coordinates": [-72.0603798, 44.0794494] } },
{ "type": "Feature", "properties": { "NAME": "Newton School","URL": "http:\/\/www.google.com","LINE":"Town of Strafford, Orange County"}, "geometry": { "type": "Point", "coordinates": [-72.3653719, 43.8350684] } },
{ "type": "Feature", "properties": { "NAME": "Orange Center School","URL": "http:\/\/www.google.com","LINE":"Town of Orange, Orange County"}, "geometry": { "type": "Point", "coordinates": [-72.4035558, 44.1490229] } },
{ "type": "Feature", "properties": { "NAME": "Oxbow Uhs No 30","URL": "http:\/\/www.google.com","LINE":"Town of Bradford, Orange County"}, "geometry": { "type": "Point", "coordinates": [-72.1139269, 44.0078701] } },
{ "type": "Feature", "properties": { "NAME": "Randolph Elementary School","URL": "http:\/\/www.google.com","LINE":"Town of Randolph, Orange County"}, "geometry": { "type": "Point", "coordinates": [-72.6604606, 43.9338797] } },
{ "type": "Feature", "properties": { "NAME": "Randolph Elementary School","URL": "http:\/\/www.google.com","LINE":"Town of Randolph, Orange County"}, "geometry": { "type": "Point", "coordinates": [-72.6604606, 43.9338797] } },
{ "type": "Feature", "properties": { "NAME": "Randolph Uhs No 2","URL": "http:\/\/www.google.com","LINE":"Town of Randolph, Orange County"}, "geometry": { "type": "Point", "coordinates": [-72.659752, 43.930991] } },
{ "type": "Feature", "properties": { "NAME": "Randolph Uhs No 2","URL": "http:\/\/www.google.com","LINE":"Town of Randolph, Orange County"}, "geometry": { "type": "Point", "coordinates": [-72.659752, 43.930991] } },
{ "type": "Feature", "properties": { "NAME": "Samuel Morey Elementary School","URL": "http:\/\/www.google.com","LINE":"Town of Fairlee, Orange County"}, "geometry": { "type": "Point", "coordinates": [-72.1461984, 43.9079275] } },
{ "type": "Feature", "properties": { "NAME": "Thetford Academy","URL": "http:\/\/www.google.com","LINE":"Town of Thetford, Orange County"}, "geometry": { "type": "Point", "coordinates": [-72.2312088, 43.8144932] } },
{ "type": "Feature", "properties": { "NAME": "Thetford Elementary School","URL": "http:\/\/www.google.com","LINE":"Town of Essex, Orange County"}, "geometry": { "type": "Point", "coordinates": [-72.2318682, 43.8195834] } },
{ "type": "Feature", "properties": { "NAME": "Tunbridge Central School","URL": "http:\/\/www.google.com","LINE":"Town of Wilmington, Orange County"}, "geometry": { "type": "Point", "coordinates": [-72.474808, 43.916965] } },
{ "type": "Feature", "properties": { "NAME": "Waits River Valley Us No 36","URL": "http:\/\/www.google.com","LINE":"Town of Waitsfield, Orange County"}, "geometry": { "type": "Point", "coordinates": [-72.261316, 44.0797483] } },
{ "type": "Feature", "properties": { "NAME": "Washington Village School","URL": "http:\/\/www.google.com","LINE":"Town of Waterford, Orange County"}, "geometry": { "type": "Point", "coordinates": [-72.4315601, 44.1078548] } },
{ "type": "Feature", "properties": { "NAME": "Westshire School","URL": "http:\/\/www.google.com","LINE":"Town of Weybridge, Orange County"}, "geometry": { "type": "Point", "coordinates": [-72.2630234, 43.9065664] } },
{ "type": "Feature", "properties": { "NAME": "Williamstown Elem School","URL": "http:\/\/www.google.com","LINE":"Town of Williamstown, Orange County"}, "geometry": { "type": "Point", "coordinates": [-72.545708, 44.123554] } },
{ "type": "Feature", "properties": { "NAME": "Williamstown Middle-High School","URL": "http:\/\/www.google.com","LINE":"Town of Williston, Orange County"}, "geometry": { "type": "Point", "coordinates": [-72.546661, 44.1262355] } },
{ "type": "Feature", "properties": { "NAME": "Albany Community School","URL": "http:\/\/www.google.com","LINE":"Town of Albany, Orleans County"}, "geometry": { "type": "Point", "coordinates": [-72.376839, 44.737995] } },
{ "type": "Feature", "properties": { "NAME": "Barton Graded School","URL": "http:\/\/www.google.com","LINE":"Town of Barton, Orleans County"}, "geometry": { "type": "Point", "coordinates": [-72.180092, 44.749023] } },
{ "type": "Feature", "properties": { "NAME": "Brownington Central School","URL": "http:\/\/www.google.com","LINE":"Town of Brownington, Orleans County"}, "geometry": { "type": "Point", "coordinates": [-72.137688, 44.819904] } },
{ "type": "Feature", "properties": { "NAME": "Charleston Elem School","URL": "http:\/\/www.google.com","LINE":"Town of Charleston, Orleans County"}, "geometry": { "type": "Point", "coordinates": [-72.019768, 44.843109] } },
{ "type": "Feature", "properties": { "NAME": "Coventry Village School","URL": "http:\/\/www.google.com","LINE":"Town of Newport, Orleans County"}, "geometry": { "type": "Point", "coordinates": [-72.2650021, 44.8628287] } },
{ "type": "Feature", "properties": { "NAME": "Craftsbury Schools","URL": "http:\/\/www.google.com","LINE":"Town of Craftsbury, Orleans County"}, "geometry": { "type": "Point", "coordinates": [-72.381984, 44.6541939] } },
{ "type": "Feature", "properties": { "NAME": "Derby Elementary School","URL": "http:\/\/www.google.com","LINE":"Town of Derby, Orleans County"}, "geometry": { "type": "Point", "coordinates": [-72.118345, 45.001503] } },
{ "type": "Feature", "properties": { "NAME": "Glover Community School","URL": "http:\/\/www.google.com","LINE":"Town of Glover, Orleans County"}, "geometry": { "type": "Point", "coordinates": [-72.189466, 44.705938] } },
{ "type": "Feature", "properties": { "NAME": "Holland Elementary School","URL": "http:\/\/www.google.com","LINE":"Town of Holland, Orleans County"}, "geometry": { "type": "Point", "coordinates": [-72.0133074, 44.9730783] } },
{ "type": "Feature", "properties": { "NAME": "Irasburg Village School","URL": "http:\/\/www.google.com","LINE":"Town of Irasburg, Orleans County"}, "geometry": { "type": "Point", "coordinates": [-72.2728506, 44.8036308] } },
{ "type": "Feature", "properties": { "NAME": "Jay-Westfield Joint School","URL": "http:\/\/www.google.com","LINE":"Town of Jay, Orleans County"}, "geometry": { "type": "Point", "coordinates": [-72.435028, 44.952663] } },
{ "type": "Feature", "properties": { "NAME": "Lake Region Uhs No 24","URL": "http:\/\/www.google.com","LINE":"Town of Barton, Orleans County"}, "geometry": { "type": "Point", "coordinates": [-72.220649, 44.782603] } },
{ "type": "Feature", "properties": { "NAME": "Lakeview Us No 43","URL": "http:\/\/www.google.com","LINE":"Town of Greensboro, Orleans County"}, "geometry": { "type": "Point", "coordinates": [-72.2939152, 44.5807538] } },
{ "type": "Feature", "properties": { "NAME": "Lowell Graded School","URL": "http:\/\/www.google.com","LINE":"Town of Lowell, Orleans County"}, "geometry": { "type": "Point", "coordinates": [-72.448708, 44.8053359] } },
{ "type": "Feature", "properties": { "NAME": "Newport City Elem Schools","URL": "http:\/\/www.google.com","LINE":"Town of Newport, Orleans County"}, "geometry": { "type": "Point", "coordinates": [-72.1921709, 44.9449812] } },
{ "type": "Feature", "properties": { "NAME": "Newport Town School","URL": "http:\/\/www.google.com","LINE":"Town of Newport, Orleans County"}, "geometry": { "type": "Point", "coordinates": [-72.3068892, 44.9509976] } },
{ "type": "Feature", "properties": { "NAME": "North Country Uhs No 22A","URL": "http:\/\/www.google.com","LINE":"Town of Newport, Orleans County"}, "geometry": { "type": "Point", "coordinates": [-72.203537, 44.946129] } },
{ "type": "Feature", "properties": { "NAME": "North Country Union Jr High No 22B","URL": "http:\/\/www.google.com","LINE":"Town of Derby, Orleans County"}, "geometry": { "type": "Point", "coordinates": [-72.1313134, 44.9493054] } },
{ "type": "Feature", "properties": { "NAME": "Orleans Elementary School","URL": "http:\/\/www.google.com","LINE":"Town of Barton, Orleans County"}, "geometry": { "type": "Point", "coordinates": [-72.196754, 44.810055] } },
{ "type": "Feature", "properties": { "NAME": "Troy Elementary School","URL": "http:\/\/www.google.com","LINE":"Town of Tunbridge, Orleans County"}, "geometry": { "type": "Point", "coordinates": [-72.405022, 44.995964] } },
{ "type": "Feature", "properties": { "NAME": "Barstow Memorial School","URL": "http:\/\/www.google.com","LINE":"Town of Chittenden, Rutland County"}, "geometry": { "type": "Point", "coordinates": [-72.9524235, 43.7010447] } },
{ "type": "Feature", "properties": { "NAME": "Benson Village School","URL": "http:\/\/www.google.com","LINE":"Town of Benson, Rutland County"}, "geometry": { "type": "Point", "coordinates": [-73.302237, 43.7072408] } },
{ "type": "Feature", "properties": { "NAME": "Castleton Hubbardton Us No 42","URL": "http:\/\/www.google.com","LINE":"Town of Castleton, Rutland County"}, "geometry": { "type": "Point", "coordinates": [-73.1782069, 43.612408] } },
{ "type": "Feature", "properties": { "NAME": "Castleton Hubbardton Us No 42","URL": "http:\/\/www.google.com","LINE":"Town of Castleton, Rutland County"}, "geometry": { "type": "Point", "coordinates": [-73.1782069, 43.612408] } },
{ "type": "Feature", "properties": { "NAME": "Clarendon Elementary School","URL": "http:\/\/www.google.com","LINE":"Town of Clarendon, Rutland County"}, "geometry": { "type": "Point", "coordinates": [-72.96786, 43.5634] } },
{ "type": "Feature", "properties": { "NAME": "Currier Memorial Us No 23","URL": "http:\/\/www.google.com","LINE":"Town of Danby, Rutland County"}, "geometry": { "type": "Point", "coordinates": [-72.9951757, 43.3497894] } },
{ "type": "Feature", "properties": { "NAME": "Fair Haven Grade School","URL": "http:\/\/www.google.com","LINE":"Town of Fair Haven, Rutland County"}, "geometry": { "type": "Point", "coordinates": [-73.2644651, 43.5948092] } },
{ "type": "Feature", "properties": { "NAME": "Fair Haven Uhs No 16","URL": "http:\/\/www.google.com","LINE":"Town of Fair Haven, Rutland County"}, "geometry": { "type": "Point", "coordinates": [-73.2703625, 43.6035814] } },
{ "type": "Feature", "properties": { "NAME": "Killington Elementary School","URL": "http:\/\/www.google.com","LINE":"Town of Killington, Rutland County"}, "geometry": { "type": "Point", "coordinates": [-72.7941643, 43.6446821] } },
{ "type": "Feature", "properties": { "NAME": "Lothrop School","URL": "http:\/\/www.google.com","LINE":"Town of Pittsford, Rutland County"}, "geometry": { "type": "Point", "coordinates": [-73.0190098, 43.7055257] } },
{ "type": "Feature", "properties": { "NAME": "Mettawee Community Us No 47","URL": "http:\/\/www.google.com","LINE":"Town of Pawlet, Rutland County"}, "geometry": { "type": "Point", "coordinates": [-73.2243815, 43.3857682] } },
{ "type": "Feature", "properties": { "NAME": "Middletown Springs Elem School","URL": "http:\/\/www.google.com","LINE":"Town of Middletown Springs, Rutland County"}, "geometry": { "type": "Point", "coordinates": [-73.1203383, 43.4839636] } },
{ "type": "Feature", "properties": { "NAME": "Mill River Us No 40","URL": "http:\/\/www.google.com","LINE":"Town of Clarendon, Rutland County"}, "geometry": { "type": "Point", "coordinates": [-72.97152, 43.547028] } },
{ "type": "Feature", "properties": { "NAME": "Mt Holly School","URL": "http:\/\/www.google.com","LINE":"Town of Mount Holly, Rutland County"}, "geometry": { "type": "Point", "coordinates": [-72.823055, 43.44585] } },
{ "type": "Feature", "properties": { "NAME": "Neshobe School","URL": "http:\/\/www.google.com","LINE":"Town of Brandon, Rutland County"}, "geometry": { "type": "Point", "coordinates": [-73.0552279, 43.8264649] } },
{ "type": "Feature", "properties": { "NAME": "Northeast Primary School","URL": "http:\/\/www.google.com","LINE":"Town of Rutland, Rutland County"}, "geometry": { "type": "Point", "coordinates": [-72.96212, 43.617752] } },
{ "type": "Feature", "properties": { "NAME": "Northwest Primary School","URL": "http:\/\/www.google.com","LINE":"Town of Rutland, Rutland County"}, "geometry": { "type": "Point", "coordinates": [-72.991417, 43.6127619] } },
{ "type": "Feature", "properties": { "NAME": "Otter Valley Uhs No 7","URL": "http:\/\/www.google.com","LINE":"Town of Brandon, Rutland County"}, "geometry": { "type": "Point", "coordinates": [-73.0515465, 43.7671716] } },
{ "type": "Feature", "properties": { "NAME": "Otter Valley Uhs No 8","URL": "http:\/\/www.google.com","LINE":"Town of Brandon, Rutland County"}, "geometry": { "type": "Point", "coordinates": [-73.0515465, 43.7671716] } },
{ "type": "Feature", "properties": { "NAME": "Poultney Elementary School","URL": "http:\/\/www.google.com","LINE":"Town of Poultney, Rutland County"}, "geometry": { "type": "Point", "coordinates": [-73.237674, 43.524576] } },
{ "type": "Feature", "properties": { "NAME": "Poultney High School","URL": "http:\/\/www.google.com","LINE":"Town of Poultney, Rutland County"}, "geometry": { "type": "Point", "coordinates": [-73.2294684, 43.5165455] } },
{ "type": "Feature", "properties": { "NAME": "Proctor Elementary School","URL": "http:\/\/www.google.com","LINE":"Town of Proctor, Rutland County"}, "geometry": { "type": "Point", "coordinates": [-73.038619, 43.6618191] } },
{ "type": "Feature", "properties": { "NAME": "Proctor Jr-Sr High School","URL": "http:\/\/www.google.com","LINE":"Town of Proctor, Rutland County"}, "geometry": { "type": "Point", "coordinates": [-73.0291312, 43.6550274] } },
{ "type": "Feature", "properties": { "NAME": "Rutland High School","URL": "http:\/\/www.google.com","LINE":"Town of Rutland, Rutland County"}, "geometry": { "type": "Point", "coordinates": [-72.9546905, 43.6174987] } },
{ "type": "Feature", "properties": { "NAME": "Rutland Intermediate School","URL": "http:\/\/www.google.com","LINE":"Town of Rutland, Rutland County"}, "geometry": { "type": "Point", "coordinates": [-72.9797488, 43.6131406] } },
{ "type": "Feature", "properties": { "NAME": "Rutland Middle School","URL": "http:\/\/www.google.com","LINE":"Town of Rutland, Rutland County"}, "geometry": { "type": "Point", "coordinates": [-72.9809901, 43.6129104] } },
{ "type": "Feature", "properties": { "NAME": "Rutland Town Elem School","URL": "http:\/\/www.google.com","LINE":"Town of Rutland, Rutland County"}, "geometry": { "type": "Point", "coordinates": [-72.9634995, 43.6386836] } },
{ "type": "Feature", "properties": { "NAME": "Shrewsbury Mountain School","URL": "http:\/\/www.google.com","LINE":"Town of Shrewsbury, Rutland County"}, "geometry": { "type": "Point", "coordinates": [-72.830734, 43.5255129] } },
{ "type": "Feature", "properties": { "NAME": "Sudbury Country School","URL": "http:\/\/www.google.com","LINE":"Town of Essex, Rutland County"}, "geometry": { "type": "Point", "coordinates": [-73.185951, 43.822178] } },
{ "type": "Feature", "properties": { "NAME": "Tinmouth Elementary School","URL": "http:\/\/www.google.com","LINE":"Town of Townshend, Rutland County"}, "geometry": { "type": "Point", "coordinates": [-73.0510709, 43.4494929] } },
{ "type": "Feature", "properties": { "NAME": "Wallingford Village School","URL": "http:\/\/www.google.com","LINE":"Town of Wardsboro, Rutland County"}, "geometry": { "type": "Point", "coordinates": [-72.9751579, 43.470547] } },
{ "type": "Feature", "properties": { "NAME": "Wells Village School","URL": "http:\/\/www.google.com","LINE":"Town of West Rutland, Rutland County"}, "geometry": { "type": "Point", "coordinates": [-73.206711, 43.417881] } },
{ "type": "Feature", "properties": { "NAME": "West Rutland School","URL": "http:\/\/www.google.com","LINE":"Town of Westford, Rutland County"}, "geometry": { "type": "Point", "coordinates": [-73.0515556, 43.5954663] } },
{ "type": "Feature", "properties": { "NAME": "Barre City Elem-Middle School","URL": "http:\/\/www.google.com","LINE":"Town of Barre, Washington County"}, "geometry": { "type": "Point", "coordinates": [-72.5047609, 44.1845142] } },
{ "type": "Feature", "properties": { "NAME": "Barre City Elem-Middle School","URL": "http:\/\/www.google.com","LINE":"Town of Barre, Washington County"}, "geometry": { "type": "Point", "coordinates": [-72.5047609, 44.1845142] } },
{ "type": "Feature", "properties": { "NAME": "Barre Town Elementary School","URL": "http:\/\/www.google.com","LINE":"Town of Barre, Washington County"}, "geometry": { "type": "Point", "coordinates": [-72.486165, 44.168403] } },
{ "type": "Feature", "properties": { "NAME": "Barre Town Elementary School","URL": "http:\/\/www.google.com","LINE":"Town of Barre, Washington County"}, "geometry": { "type": "Point", "coordinates": [-72.486165, 44.168403] } },
{ "type": "Feature", "properties": { "NAME": "Berlin Elementary School","URL": "http:\/\/www.google.com","LINE":"Town of Berlin, Washington County"}, "geometry": { "type": "Point", "coordinates": [-72.5717356, 44.2145063] } },
{ "type": "Feature", "properties": { "NAME": "Cabot School","URL": "http:\/\/www.google.com","LINE":"Town of Cabot, Washington County"}, "geometry": { "type": "Point", "coordinates": [-72.3093359, 44.4034302] } },
{ "type": "Feature", "properties": { "NAME": "Calais Elementary School","URL": "http:\/\/www.google.com","LINE":"Town of Plainfield, Washington County"}, "geometry": { "type": "Point", "coordinates": [-72.4516452, 44.3193948] } },
{ "type": "Feature", "properties": { "NAME": "Crossett Brook Middle Us No 45","URL": "http:\/\/www.google.com","LINE":"Town of Duxbury, Washington County"}, "geometry": { "type": "Point", "coordinates": [-72.7528363, 44.321123] } },
{ "type": "Feature", "properties": { "NAME": "Doty Memorial School","URL": "http:\/\/www.google.com","LINE":"Town of Worcester, Washington County"}, "geometry": { "type": "Point", "coordinates": [-72.547949, 44.373349] } },
{ "type": "Feature", "properties": { "NAME": "East Montpelier Elem School","URL": "http:\/\/www.google.com","LINE":"Town of East Montpelier, Washington County"}, "geometry": { "type": "Point", "coordinates": [-72.4953304, 44.2866171] } },
{ "type": "Feature", "properties": { "NAME": "Fayston Elementary School","URL": "http:\/\/www.google.com","LINE":"Town of Waitsfield, Washington County"}, "geometry": { "type": "Point", "coordinates": [-72.8842112, 44.1791977] } },
{ "type": "Feature", "properties": { "NAME": "Harwood Uhs No 19","URL": "http:\/\/www.google.com","LINE":"Town of Moretown, Washington County"}, "geometry": { "type": "Point", "coordinates": [-72.7867166, 44.2539876] } },
{ "type": "Feature", "properties": { "NAME": "Harwood Union Middle Uhs No 19","URL": "http:\/\/www.google.com","LINE":"Town of Moretown, Washington County"}, "geometry": { "type": "Point", "coordinates": [-72.7864532, 44.2540115] } },
{ "type": "Feature", "properties": { "NAME": "Main Street Middle School","URL": "http:\/\/www.google.com","LINE":"Town of Montpelier, Washington County"}, "geometry": { "type": "Point", "coordinates": [-72.5695793, 44.2629656] } },
{ "type": "Feature", "properties": { "NAME": "Montpelier High School","URL": "http:\/\/www.google.com","LINE":"Town of Montpelier, Washington County"}, "geometry": { "type": "Point", "coordinates": [-72.5869944, 44.2605339] } },
{ "type": "Feature", "properties": { "NAME": "Moretown Elementary School","URL": "http:\/\/www.google.com","LINE":"Town of Moretown, Washington County"}, "geometry": { "type": "Point", "coordinates": [-72.7630619, 44.247814] } },
{ "type": "Feature", "properties": { "NAME": "Northfield Elementary School","URL": "http:\/\/www.google.com","LINE":"Town of Northfield, Washington County"}, "geometry": { "type": "Point", "coordinates": [-72.662072, 44.15455] } },
{ "type": "Feature", "properties": { "NAME": "Northfield Middle-High School","URL": "http:\/\/www.google.com","LINE":"Town of Northfield, Washington County"}, "geometry": { "type": "Point", "coordinates": [-72.660537, 44.153568] } },
{ "type": "Feature", "properties": { "NAME": "Roxbury Village School","URL": "http:\/\/www.google.com","LINE":"Town of Roxbury, Washington County"}, "geometry": { "type": "Point", "coordinates": [-72.733185, 44.092411] } },
{ "type": "Feature", "properties": { "NAME": "Rumney Memorial School (Middlesex)","URL": "http:\/\/www.google.com","LINE":"Town of Middlesex, Washington County"}, "geometry": { "type": "Point", "coordinates": [-72.602592, 44.351158] } },
{ "type": "Feature", "properties": { "NAME": "Spaulding Uhs No 41","URL": "http:\/\/www.google.com","LINE":"Town of Barre, Washington County"}, "geometry": { "type": "Point", "coordinates": [-72.4935438, 44.1894129] } },
{ "type": "Feature", "properties": { "NAME": "Thatcher Brook Primary Us No 45","URL": "http:\/\/www.google.com","LINE":"Town of Waterbury, Washington County"}, "geometry": { "type": "Point", "coordinates": [-72.753139, 44.339128] } },
{ "type": "Feature", "properties": { "NAME": "Thatcher Brook Primary Us No 45","URL": "http:\/\/www.google.com","LINE":"Town of Woodstock, Washington County"}, "geometry": { "type": "Point", "coordinates": [-72.753139, 44.339128] } },
{ "type": "Feature", "properties": { "NAME": "Twinfield Us No 33","URL": "http:\/\/www.google.com","LINE":"Town of Montpelier, Washington County"}, "geometry": { "type": "Point", "coordinates": [-72.3947042, 44.2979839] } },
{ "type": "Feature", "properties": { "NAME": "U32 Uhs No 32","URL": "http:\/\/www.google.com","LINE":"Town of Underhill, Washington County"}, "geometry": { "type": "Point", "coordinates": [-72.5267125, 44.2445261] } },
{ "type": "Feature", "properties": { "NAME": "Union Elementary School","URL": "http:\/\/www.google.com","LINE":"Town of Colchester, Washington County"}, "geometry": { "type": "Point", "coordinates": [-72.5711386, 44.2596714] } },
{ "type": "Feature", "properties": { "NAME": "Waitsfield Elem School","URL": "http:\/\/www.google.com","LINE":"Town of Walden, Washington County"}, "geometry": { "type": "Point", "coordinates": [-72.8193328, 44.1944527] } },
{ "type": "Feature", "properties": { "NAME": "Warren Elementary School","URL": "http:\/\/www.google.com","LINE":"Town of Washington, Washington County"}, "geometry": { "type": "Point", "coordinates": [-72.851123, 44.1162276] } },
{ "type": "Feature", "properties": { "NAME": "Woodbury Elementary School","URL": "http:\/\/www.google.com","LINE":"Town of Woodford, Washington County"}, "geometry": { "type": "Point", "coordinates": [-72.416224, 44.440035] } },
{ "type": "Feature", "properties": { "NAME": "Academy School","URL": "http:\/\/www.google.com","LINE":"Town of West Brattleboro, Windham County"}, "geometry": { "type": "Point", "coordinates": [-72.597994, 42.851176] } },
{ "type": "Feature", "properties": { "NAME": "Athens-Grafton Joint Contract School","URL": "http:\/\/www.google.com","LINE":"Town of Grafton, Windham County"}, "geometry": { "type": "Point", "coordinates": [-72.609009, 43.170174] } },
{ "type": "Feature", "properties": { "NAME": "Bellows Falls Middle School","URL": "http:\/\/www.google.com","LINE":"Town of Town of Rockingham, Windham County"}, "geometry": { "type": "Point", "coordinates": [-72.4462749, 43.1333656] } },
{ "type": "Feature", "properties": { "NAME": "Bellows Falls Uhs No 27","URL": "http:\/\/www.google.com","LINE":"Town of Bellows Falls, Windham County"}, "geometry": { "type": "Point", "coordinates": [-72.4442318, 43.1364725] } },
{ "type": "Feature", "properties": { "NAME": "Bratt Area Middle School No 6","URL": "http:\/\/www.google.com","LINE":"Town of Brattleboro, Windham County"}, "geometry": { "type": "Point", "coordinates": [-72.561716, 42.83564] } },
{ "type": "Feature", "properties": { "NAME": "Brattleboro Uhs No 6","URL": "http:\/\/www.google.com","LINE":"Town of Brattleboro, Windham County"}, "geometry": { "type": "Point", "coordinates": [-72.561267, 42.836739] } },
{ "type": "Feature", "properties": { "NAME": "Central Elementary School","URL": "http:\/\/www.google.com","LINE":"Town of Town of Rockingham, Windham County"}, "geometry": { "type": "Point", "coordinates": [-72.4505775, 43.1324177] } },
{ "type": "Feature", "properties": { "NAME": "Dover Elementary School","URL": "http:\/\/www.google.com","LINE":"Town of Dover, Windham County"}, "geometry": { "type": "Point", "coordinates": [-72.80991, 42.938863] } },
{ "type": "Feature", "properties": { "NAME": "Dummerston Schools","URL": "http:\/\/www.google.com","LINE":"Town of Dummerston, Windham County"}, "geometry": { "type": "Point", "coordinates": [-72.5379992, 42.9336033] } },
{ "type": "Feature", "properties": { "NAME": "Flood Brook Us No 20","URL": "http:\/\/www.google.com","LINE":"Town of Londonderry, Windham County"}, "geometry": { "type": "Point", "coordinates": [-72.8480324, 43.2367859] } },
{ "type": "Feature", "properties": { "NAME": "Green Street School","URL": "http:\/\/www.google.com","LINE":"Town of Brattleboro, Windham County"}, "geometry": { "type": "Point", "coordinates": [-72.565, 42.85174] } },
{ "type": "Feature", "properties": { "NAME": "Guilford Central School","URL": "http:\/\/www.google.com","LINE":"Town of Guilford, Windham County"}, "geometry": { "type": "Point", "coordinates": [-72.6223515, 42.800709] } },
{ "type": "Feature", "properties": { "NAME": "Halifax School","URL": "http:\/\/www.google.com","LINE":"Town of Halifax, Windham County"}, "geometry": { "type": "Point", "coordinates": [-72.768503, 42.784431] } },
{ "type": "Feature", "properties": { "NAME": "Jamaica Village School","URL": "http:\/\/www.google.com","LINE":"Town of Jamaica, Windham County"}, "geometry": { "type": "Point", "coordinates": [-72.775345, 43.103771] } },
{ "type": "Feature", "properties": { "NAME": "Leland And Gray Uhs No 34","URL": "http:\/\/www.google.com","LINE":"Town of Townshend, Windham County"}, "geometry": { "type": "Point", "coordinates": [-72.6670936, 43.0465917] } },
{ "type": "Feature", "properties": { "NAME": "Marlboro Elementary School","URL": "http:\/\/www.google.com","LINE":"Town of Marlboro, Windham County"}, "geometry": { "type": "Point", "coordinates": [-72.719688, 42.868698] } },
{ "type": "Feature", "properties": { "NAME": "Newbrook Elementary School","URL": "http:\/\/www.google.com","LINE":"Town of Newfane, Windham County"}, "geometry": { "type": "Point", "coordinates": [-72.650055, 42.9599339] } },
{ "type": "Feature", "properties": { "NAME": "Oak Grove School","URL": "http:\/\/www.google.com","LINE":"Town of Brattleboro, Windham County"}, "geometry": { "type": "Point", "coordinates": [-72.5579901, 42.8401525] } },
{ "type": "Feature", "properties": { "NAME": "Putney Central School","URL": "http:\/\/www.google.com","LINE":"Town of Putney, Windham County"}, "geometry": { "type": "Point", "coordinates": [-72.5284672, 42.9858892] } },
{ "type": "Feature", "properties": { "NAME": "Saxtons River Elem School","URL": "http:\/\/www.google.com","LINE":"Town of Town of Rockingham, Windham County"}, "geometry": { "type": "Point", "coordinates": [-72.509491, 43.140396] } },
{ "type": "Feature", "properties": { "NAME": "Townshend Village School","URL": "http:\/\/www.google.com","LINE":"Town of Troy, Windham County"}, "geometry": { "type": "Point", "coordinates": [-72.6695342, 43.0466625] } },
{ "type": "Feature", "properties": { "NAME": "Twin Valley Elem School","URL": "http:\/\/www.google.com","LINE":"Town of Whitingham, Windham County"}, "geometry": { "type": "Point", "coordinates": [-72.862106, 42.888988] } },
{ "type": "Feature", "properties": { "NAME": "Twin Valley Middle High School","URL": "http:\/\/www.google.com","LINE":"Town of Plainfield, Windham County"}, "geometry": { "type": "Point", "coordinates": [-72.8401605, 42.7879692] } },
{ "type": "Feature", "properties": { "NAME": "Vernon Elementary School","URL": "http:\/\/www.google.com","LINE":"Town of Topsham, Windham County"}, "geometry": { "type": "Point", "coordinates": [-72.518569, 42.776263] } },
{ "type": "Feature", "properties": { "NAME": "Wardsboro Central School","URL": "http:\/\/www.google.com","LINE":"Town of Warren, Windham County"}, "geometry": { "type": "Point", "coordinates": [-72.7872992, 43.0479574] } },
{ "type": "Feature", "properties": { "NAME": "Westminster Schools","URL": "http:\/\/www.google.com","LINE":"Town of West Fairlee, Windham County"}, "geometry": { "type": "Point", "coordinates": [-72.463478, 43.070309] } },
{ "type": "Feature", "properties": { "NAME": "Windham Elementary School","URL": "http:\/\/www.google.com","LINE":"Town of Windsor, Windham County"}, "geometry": { "type": "Point", "coordinates": [-72.7253414, 43.1658297] } },
{ "type": "Feature", "properties": { "NAME": "Albert Bridge Sch (W Wind)","URL": "http:\/\/www.google.com","LINE":"Town of West Windsor, Windsor County"}, "geometry": { "type": "Point", "coordinates": [-72.4714816, 43.4694223] } },
{ "type": "Feature", "properties": { "NAME": "Barnard Academy","URL": "http:\/\/www.google.com","LINE":"Town of Barnard, Windsor County"}, "geometry": { "type": "Point", "coordinates": [-72.6195002, 43.7271345] } },
{ "type": "Feature", "properties": { "NAME": "Bethel Elementary School","URL": "http:\/\/www.google.com","LINE":"Town of Bethel, Windsor County"}, "geometry": { "type": "Point", "coordinates": [-72.6435, 43.833232] } },
{ "type": "Feature", "properties": { "NAME": "Black River Us No 39","URL": "http:\/\/www.google.com","LINE":"Town of Ludlow, Windsor County"}, "geometry": { "type": "Point", "coordinates": [-72.688557, 43.397114] } },
{ "type": "Feature", "properties": { "NAME": "Cavendish Town Elem School","URL": "http:\/\/www.google.com","LINE":"Town of Cavendish, Windsor County"}, "geometry": { "type": "Point", "coordinates": [-72.6368872, 43.3836765] } },
{ "type": "Feature", "properties": { "NAME": "Chester Andover Us No 29","URL": "http:\/\/www.google.com","LINE":"Town of Chester, Windsor County"}, "geometry": { "type": "Point", "coordinates": [-72.5954546, 43.2646923] } },
{ "type": "Feature", "properties": { "NAME": "Dothan Brook School","URL": "http:\/\/www.google.com","LINE":"Town of Hartford, Windsor County"}, "geometry": { "type": "Point", "coordinates": [-72.3217171, 43.687628] } },
{ "type": "Feature", "properties": { "NAME": "Elm Hill School","URL": "http:\/\/www.google.com","LINE":"Town of Springfield, Windsor County"}, "geometry": { "type": "Point", "coordinates": [-72.4844404, 43.3061209] } },
{ "type": "Feature", "properties": { "NAME": "Green Mountain Uhs No 35","URL": "http:\/\/www.google.com","LINE":"Town of Chester, Windsor County"}, "geometry": { "type": "Point", "coordinates": [-72.581459, 43.253613] } },
{ "type": "Feature", "properties": { "NAME": "Hartford High School","URL": "http:\/\/www.google.com","LINE":"Town of Hartford, Windsor County"}, "geometry": { "type": "Point", "coordinates": [-72.318855, 43.657753] } },
{ "type": "Feature", "properties": { "NAME": "Hartford Mem Middle School","URL": "http:\/\/www.google.com","LINE":"Town of Hartford, Windsor County"}, "geometry": { "type": "Point", "coordinates": [-72.3201992, 43.6563504] } },
{ "type": "Feature", "properties": { "NAME": "Hartland Elementary School","URL": "http:\/\/www.google.com","LINE":"Town of Hartland, Windsor County"}, "geometry": { "type": "Point", "coordinates": [-72.3942648, 43.5379884] } },
{ "type": "Feature", "properties": { "NAME": "Ludlow Elementary School","URL": "http:\/\/www.google.com","LINE":"Town of Ludlow, Windsor County"}, "geometry": { "type": "Point", "coordinates": [-72.688735, 43.3979669] } },
{ "type": "Feature", "properties": { "NAME": "Marion W Cross School","URL": "http:\/\/www.google.com","LINE":"Town of Norwich, Windsor County"}, "geometry": { "type": "Point", "coordinates": [-72.3063544, 43.7132317] } },
{ "type": "Feature", "properties": { "NAME": "Ottauquechee School","URL": "http:\/\/www.google.com","LINE":"Town of Hartford, Windsor County"}, "geometry": { "type": "Point", "coordinates": [-72.4168673, 43.6494962] } },
{ "type": "Feature", "properties": { "NAME": "Reading Elementary School","URL": "http:\/\/www.google.com","LINE":"Town of Reading, Windsor County"}, "geometry": { "type": "Point", "coordinates": [-72.536659, 43.453125] } },
{ "type": "Feature", "properties": { "NAME": "Riverside Middle School","URL": "http:\/\/www.google.com","LINE":"Town of Springfield, Windsor County"}, "geometry": { "type": "Point", "coordinates": [-72.4971886, 43.3045496] } },
{ "type": "Feature", "properties": { "NAME": "Rochester School","URL": "http:\/\/www.google.com","LINE":"Town of Rochester, Windsor County"}, "geometry": { "type": "Point", "coordinates": [-72.8091872, 43.8717466] } },
{ "type": "Feature", "properties": { "NAME": "Sharon Elementary School","URL": "http:\/\/www.google.com","LINE":"Town of Sharon, Windsor County"}, "geometry": { "type": "Point", "coordinates": [-72.456039, 43.7849689] } },
{ "type": "Feature", "properties": { "NAME": "So Royalton Elem-High School","URL": "http:\/\/www.google.com","LINE":"Town of Royalton, Windsor County"}, "geometry": { "type": "Point", "coordinates": [-72.517403, 43.819316] } },
{ "type": "Feature", "properties": { "NAME": "Springfield High School","URL": "http:\/\/www.google.com","LINE":"Town of Springfield, Windsor County"}, "geometry": { "type": "Point", "coordinates": [-72.4781557, 43.2811126] } },
{ "type": "Feature", "properties": { "NAME": "Stockbridge Central School","URL": "http:\/\/www.google.com","LINE":"Town of Stockbridge, Windsor County"}, "geometry": { "type": "Point", "coordinates": [-72.7180883, 43.7642684] } },
{ "type": "Feature", "properties": { "NAME": "The Prosper Valley Sch","URL": "http:\/\/www.google.com","LINE":"Town of Thetford, Windsor County"}, "geometry": { "type": "Point", "coordinates": [-72.528949, 43.653466] } },
{ "type": "Feature", "properties": { "NAME": "Union Street School","URL": "http:\/\/www.google.com","LINE":"Town of Vergennes, Windsor County"}, "geometry": { "type": "Point", "coordinates": [-72.4880611, 43.2955001] } },
{ "type": "Feature", "properties": { "NAME": "Weathersfield School","URL": "http:\/\/www.google.com","LINE":"Town of Wells, Windsor County"}, "geometry": { "type": "Point", "coordinates": [-72.4097514, 43.4112673] } },
{ "type": "Feature", "properties": { "NAME": "Whitcomb Jr-Sr High School","URL": "http:\/\/www.google.com","LINE":"Town of Hartford, Windsor County"}, "geometry": { "type": "Point", "coordinates": [-72.6435, 43.833232] } },
{ "type": "Feature", "properties": { "NAME": "White River School","URL": "http:\/\/www.google.com","LINE":"Town of Whiting, Windsor County"}, "geometry": { "type": "Point", "coordinates": [-72.3181378, 43.6533157] } },
{ "type": "Feature", "properties": { "NAME": "Windsor School","URL": "http:\/\/www.google.com","LINE":"Town of Winooski, Windsor County"}, "geometry": { "type": "Point", "coordinates": [-72.394295, 43.48093] } },
{ "type": "Feature", "properties": { "NAME": "Woodstock Elementary School","URL": "http:\/\/www.google.com","LINE":"Town of Woodstock, Windsor County"}, "geometry": { "type": "Point", "coordinates": [-72.519711, 43.622024] } },
{ "type": "Feature", "properties": { "NAME": "Woodstock Sr Uhs No 4","URL": "http:\/\/www.google.com","LINE":"Town of Woodstock, Windsor County"}, "geometry": { "type": "Point", "coordinates": [-72.54568, 43.613313] } },
{ "type": "Feature", "properties": { "NAME": "Woodstock Union Middle School","URL": "http:\/\/www.google.com","LINE":"Town of , Windsor County"}, "geometry": { "type": "Point", "coordinates": [-72.545857, 43.613056] } }
]
}